<?xml version="1.0" encoding="UTF-8"?>
<!-- Generated by org.testng.reporters.JUnitXMLReporter -->
<testsuite ignored="0" hostname="suyog" failures="0" tests="2" name="Surefire test" time="0.037" errors="0" timestamp="2024-01-03T01:45:37 IST">
  <testcase classname="testBase.BaseClass" name="@BeforeClass setup" time="-1.704226537826E9">
    <failure type="org.testng.TestNGException" message="
Parameter &amp;apos;browser&amp;apos; is required by BeforeClass on method setup but has not been marked @Optional or defined
">
      <![CDATA[org.testng.TestNGException: 
Parameter 'browser' is required by BeforeClass on method setup but has not been marked @Optional or defined

at java.base/java.util.ArrayList.forEach(ArrayList.java:1511)
... Removed 27 stack frames]]>
    </failure>
  </testcase> <!-- @BeforeClass setup -->
  <testcase classname="testBase.BaseClass" name="@AfterClass tearDown" time="0.0">
    <skipped/>
  </testcase> <!-- @AfterClass tearDown -->
  <testcase classname="testCases.TC_001_AccountRegistrationTest" name="test_HomrPage" time="0.0">
    <skipped/>
  </testcase> <!-- test_HomrPage -->
  <testcase classname="testCases.TC_001_AccountRegistrationTest" name="test_registrationPage" time="0.0">
    <skipped/>
  </testcase> <!-- test_registrationPage -->
</testsuite> <!-- Surefire test -->
